[2026-07-05 14:47:33Z INFO HostContext] No proxy settings were found based on environmental variables (http_proxy/https_proxy/HTTP_PROXY/HTTPS_PROXY)
[2026-07-05 14:47:33Z INFO HostContext] Well known directory 'Bin': 'E:\VSCode\actions-runner\bin'
[2026-07-05 14:47:33Z INFO HostContext] Well known directory 'Root': 'E:\VSCode\actions-runner'
[2026-07-05 14:47:33Z INFO HostContext] Well known config file 'Credentials': 'E:\VSCode\actions-runner\.credentials'
[2026-07-05 14:47:33Z INFO HostContext] Well known directory 'Bin': 'E:\VSCode\actions-runner\bin'
[2026-07-05 14:47:33Z INFO HostContext] Well known directory 'Root': 'E:\VSCode\actions-runner'
[2026-07-05 14:47:33Z INFO HostContext] Well known config file 'Runner': 'E:\VSCode\actions-runner\.runner'
[2026-07-05 14:47:33Z INFO Listener] Runner is built for Windows (X64) - win-x64.
[2026-07-05 14:47:33Z INFO Listener] RuntimeInformation: Microsoft Windows 10.0.26200.
[2026-07-05 14:47:33Z INFO Listener] Version: 2.335.1
[2026-07-05 14:47:33Z INFO Listener] Commit: 7d737449ef346f6524f75688d0c9c95fa10ba10a
[2026-07-05 14:47:33Z INFO Listener] Culture: en-US
[2026-07-05 14:47:33Z INFO Listener] UI Culture: en-US
[2026-07-05 14:47:33Z INFO HostContext] Well known directory 'Bin': 'E:\VSCode\actions-runner\bin'
[2026-07-05 14:47:33Z INFO HostContext] Well known directory 'Root': 'E:\VSCode\actions-runner'
[2026-07-05 14:47:33Z INFO Listener] Validating directory permissions for: 'E:\VSCode\actions-runner'
[2026-07-05 14:47:33Z INFO CommandLineParser] Parse
[2026-07-05 14:47:33Z INFO CommandLineParser] Parsing 1 args
[2026-07-05 14:47:33Z INFO CommandLineParser] parsing argument
[2026-07-05 14:47:33Z INFO CommandLineParser] HasArgs: False
[2026-07-05 14:47:33Z INFO CommandLineParser] Adding Command: run
[2026-07-05 14:47:33Z INFO Listener] Arguments parsed
[2026-07-05 14:47:33Z INFO Runner] ExecuteCommand
[2026-07-05 14:47:33Z INFO ConfigurationStore] currentAssemblyLocation: E:\VSCode\actions-runner\bin\Runner.Listener.dll
[2026-07-05 14:47:33Z INFO HostContext] Well known directory 'Bin': 'E:\VSCode\actions-runner\bin'
[2026-07-05 14:47:33Z INFO ConfigurationStore] binPath: E:\VSCode\actions-runner\bin
[2026-07-05 14:47:33Z INFO HostContext] Well known directory 'Bin': 'E:\VSCode\actions-runner\bin'
[2026-07-05 14:47:33Z INFO HostContext] Well known directory 'Root': 'E:\VSCode\actions-runner'
[2026-07-05 14:47:33Z INFO ConfigurationStore] RootFolder: E:\VSCode\actions-runner
[2026-07-05 14:47:33Z INFO HostContext] Well known directory 'Bin': 'E:\VSCode\actions-runner\bin'
[2026-07-05 14:47:33Z INFO HostContext] Well known directory 'Root': 'E:\VSCode\actions-runner'
[2026-07-05 14:47:33Z INFO HostContext] Well known config file 'Runner': 'E:\VSCode\actions-runner\.runner'
[2026-07-05 14:47:33Z INFO ConfigurationStore] ConfigFilePath: E:\VSCode\actions-runner\.runner
[2026-07-05 14:47:33Z INFO HostContext] Well known directory 'Bin': 'E:\VSCode\actions-runner\bin'
[2026-07-05 14:47:33Z INFO HostContext] Well known directory 'Root': 'E:\VSCode\actions-runner'
[2026-07-05 14:47:33Z INFO HostContext] Well known config file 'MigratedRunner': 'E:\VSCode\actions-runner\.runner_migrated'
[2026-07-05 14:47:33Z INFO ConfigurationStore] MigratedConfigFilePath: E:\VSCode\actions-runner\.runner_migrated
[2026-07-05 14:47:33Z INFO HostContext] Well known directory 'Bin': 'E:\VSCode\actions-runner\bin'
[2026-07-05 14:47:33Z INFO HostContext] Well known directory 'Root': 'E:\VSCode\actions-runner'
[2026-07-05 14:47:33Z INFO HostContext] Well known config file 'Credentials': 'E:\VSCode\actions-runner\.credentials'
[2026-07-05 14:47:33Z INFO ConfigurationStore] CredFilePath: E:\VSCode\actions-runner\.credentials
[2026-07-05 14:47:33Z INFO HostContext] Well known directory 'Bin': 'E:\VSCode\actions-runner\bin'
[2026-07-05 14:47:33Z INFO HostContext] Well known directory 'Root': 'E:\VSCode\actions-runner'
[2026-07-05 14:47:33Z INFO HostContext] Well known config file 'MigratedCredentials': 'E:\VSCode\actions-runner\.credentials_migrated'
[2026-07-05 14:47:33Z INFO ConfigurationStore] MigratedCredFilePath: E:\VSCode\actions-runner\.credentials_migrated
[2026-07-05 14:47:33Z INFO HostContext] Well known directory 'Bin': 'E:\VSCode\actions-runner\bin'
[2026-07-05 14:47:33Z INFO HostContext] Well known directory 'Root': 'E:\VSCode\actions-runner'
[2026-07-05 14:47:33Z INFO HostContext] Well known config file 'Service': 'E:\VSCode\actions-runner\.service'
[2026-07-05 14:47:33Z INFO ConfigurationStore] ServiceConfigFilePath: E:\VSCode\actions-runner\.service
[2026-07-05 14:47:33Z INFO CommandSettings] Flag 'help': 'False'
[2026-07-05 14:47:33Z INFO CommandSettings] Flag 'version': 'False'
[2026-07-05 14:47:33Z INFO CommandSettings] Flag 'commit': 'False'
[2026-07-05 14:47:33Z INFO CommandSettings] Flag 'check': 'False'
[2026-07-05 14:47:33Z INFO CommandSettings] Command 'configure': 'False'
[2026-07-05 14:47:33Z INFO CommandSettings] Command 'remove': 'False'
[2026-07-05 14:47:33Z INFO CommandSettings] Command 'warmup': 'False'
[2026-07-05 14:47:33Z INFO ConfigurationManager] LoadSettings
[2026-07-05 14:47:33Z INFO ConfigurationStore] IsConfigured()
[2026-07-05 14:47:33Z INFO ConfigurationStore] IsConfigured: True
[2026-07-05 14:47:33Z INFO ConfigurationManager] Is configured: True
[2026-07-05 14:47:33Z INFO ConfigurationStore] Read setting file: 395 chars
[2026-07-05 14:47:33Z INFO ConfigurationManager] Settings Loaded
[2026-07-05 14:47:33Z INFO ConfigurationStore] IsServiceConfigured()
[2026-07-05 14:47:33Z INFO ConfigurationStore] IsServiceConfigured: True
[2026-07-05 14:47:33Z INFO CommandSettings] Command 'run': 'True'
[2026-07-05 14:47:33Z INFO ConfigurationStore] IsConfigured()
[2026-07-05 14:47:33Z INFO ConfigurationStore] IsConfigured: True
[2026-07-05 14:47:33Z INFO ConfigurationManager] Is configured: True
[2026-07-05 14:47:33Z INFO Runner] Try determine runner startup type base on console redirects.
[2026-07-05 14:47:33Z INFO Runner] Set runner startup type - Manual
[2026-07-05 14:47:33Z INFO CommandSettings] Flag 'once': 'False'
[2026-07-05 14:47:33Z INFO CommandSettings] Flag 'once': 'False'
[2026-07-05 14:47:33Z INFO Runner] RunAsync
[2026-07-05 14:47:33Z INFO HostContext] Well known directory 'Bin': 'E:\VSCode\actions-runner\bin'
[2026-07-05 14:47:33Z INFO HostContext] Well known directory 'Root': 'E:\VSCode\actions-runner'
[2026-07-05 14:47:33Z INFO HostContext] Well known directory 'Work': 'E:\VSCode\actions-runner\_work'
[2026-07-05 14:47:33Z INFO Runner] Validating directory permissions for: 'E:\VSCode\actions-runner\_work'
[2026-07-05 14:47:33Z INFO ConfigurationManager] LoadMigratedSettings
[2026-07-05 14:47:33Z INFO ConfigurationStore] IsMigratedConfigured()
[2026-07-05 14:47:33Z INFO ConfigurationStore] IsMigratedConfigured: False
[2026-07-05 14:47:33Z INFO Runner] Failed to load migrated settings: No migrated configuration found.
[2026-07-05 14:47:33Z INFO Runner] Falling back to original .runner settings
[2026-07-05 14:47:33Z INFO Runner] Using BrokerMessageListener
[2026-07-05 14:47:33Z INFO BrokerMessageListener] Using provided settings
[2026-07-05 14:47:33Z INFO BrokerMessageListener] {
  "AgentId": 21,
  "AgentName": "SREE",
  "PoolId": 1,
  "PoolName": "Default",
  "ServerUrl": "https://pipelinesghubeus6.actions.githubusercontent.com/zTECPqa8s2MGXw0RJ6ELjHujCXUdYZSHvCdwnchP2xYRBB92eW/",
  "GitHubUrl": "https://github.com/Kandakatlasrikanth/AzureLab",
  "WorkFolder": "_work",
  "UseV2Flow": true,
  "ServerUrlV2": "https://broker.actions.githubusercontent.com/"
}
[2026-07-05 14:47:33Z INFO BrokerMessageListener] Loading Credentials
[2026-07-05 14:47:33Z INFO ConfigurationStore] HasCredentials()
[2026-07-05 14:47:33Z INFO ConfigurationStore] stored True
[2026-07-05 14:47:33Z INFO CredentialManager] GetCredentialProvider
[2026-07-05 14:47:33Z INFO CredentialManager] Creating type OAuth
[2026-07-05 14:47:33Z INFO CredentialManager] Creating credential type: OAuth
[2026-07-05 14:47:33Z INFO HostContext] Well known directory 'Bin': 'E:\VSCode\actions-runner\bin'
[2026-07-05 14:47:33Z INFO HostContext] Well known directory 'Root': 'E:\VSCode\actions-runner'
[2026-07-05 14:47:33Z INFO HostContext] Well known config file 'RSACredentials': 'E:\VSCode\actions-runner\.credentials_rsaparams'
[2026-07-05 14:47:33Z INFO RSAEncryptedFileKeyManager] Loading RSA key parameters from file E:\VSCode\actions-runner\.credentials_rsaparams
[2026-07-05 14:47:33Z INFO BrokerMessageListener] Attempt to create session.
[2026-07-05 14:47:33Z INFO BrokerMessageListener] Connecting to the Broker Server...
[2026-07-05 14:47:33Z INFO ConfigurationStore] HasCredentials()
[2026-07-05 14:47:33Z INFO ConfigurationStore] stored True
[2026-07-05 14:47:33Z INFO CredentialManager] GetCredentialProvider
[2026-07-05 14:47:33Z INFO CredentialManager] Creating type OAuth
[2026-07-05 14:47:33Z INFO CredentialManager] Creating credential type: OAuth
[2026-07-05 14:47:33Z INFO RSAEncryptedFileKeyManager] Loading RSA key parameters from file E:\VSCode\actions-runner\.credentials_rsaparams
[2026-07-05 14:47:33Z INFO BrokerMessageListener] VssConnection created
[2026-07-05 14:47:33Z INFO BrokerMessageListener] Connecting to the Runner server...
[2026-07-05 14:47:33Z INFO RunnerServer] EstablishVssConnection
[2026-07-05 14:47:33Z INFO RunnerServer] Establish connection with 100 seconds timeout.
[2026-07-05 14:47:33Z INFO GitHubActionsService] Starting operation Location.GetConnectionData
[2026-07-05 14:47:33Z INFO RunnerServer] EstablishVssConnection
[2026-07-05 14:47:33Z INFO RunnerServer] Establish connection with 60 seconds timeout.
[2026-07-05 14:47:33Z INFO GitHubActionsService] Starting operation Location.GetConnectionData
[2026-07-05 14:47:33Z INFO RunnerServer] EstablishVssConnection
[2026-07-05 14:47:33Z INFO RunnerServer] Establish connection with 60 seconds timeout.
[2026-07-05 14:47:33Z INFO GitHubActionsService] Starting operation Location.GetConnectionData
[2026-07-05 14:47:34Z INFO GitHubActionsService] Finished operation Location.GetConnectionData
[2026-07-05 14:47:34Z INFO GitHubActionsService] Finished operation Location.GetConnectionData
[2026-07-05 14:47:34Z INFO GitHubActionsService] Finished operation Location.GetConnectionData
[2026-07-05 14:47:34Z INFO BrokerMessageListener] VssConnection created
[2026-07-05 14:47:34Z INFO Terminal] WRITE LINE: 
[2026-07-05 14:47:34Z INFO Terminal] WRITE LINE: 
[2026-07-05 14:47:34Z INFO RSAEncryptedFileKeyManager] Loading RSA key parameters from file E:\VSCode\actions-runner\.credentials_rsaparams
[2026-07-05 14:47:34Z INFO RSAEncryptedFileKeyManager] Loading RSA key parameters from file E:\VSCode\actions-runner\.credentials_rsaparams
[2026-07-05 14:47:35Z INFO GitHubActionsService] AAD Correlation ID for this token request: Unknown
[2026-07-05 14:47:36Z ERR  GitHubActionsService] POST request to https://broker.actions.githubusercontent.com/session failed. HTTP Status: Conflict
[2026-07-05 14:47:36Z ERR  BrokerMessageListener] Catch exception during create session.
[2026-07-05 14:47:36Z ERR  BrokerMessageListener] GitHub.DistributedTask.WebApi.TaskAgentSessionConflictException: Error: Conflict
   at GitHub.Actions.RunService.WebApi.BrokerHttpClient.CreateSessionAsync(TaskAgentSession session, CancellationToken cancellationToken)
   at GitHub.Runner.Common.BrokerServer.CreateSessionAsync(TaskAgentSession session, CancellationToken cancellationToken)
   at GitHub.Runner.Listener.BrokerMessageListener.CreateSessionAsync(CancellationToken token)
[2026-07-05 14:47:36Z INFO BrokerMessageListener] The session for this runner already exists.
[2026-07-05 14:47:36Z ERR  Terminal] WRITE ERROR: A session for this runner already exists.
[2026-07-05 14:47:36Z INFO BrokerMessageListener] The session conflict exception haven't reached retry limit.
[2026-07-05 14:47:36Z ERR  Terminal] WRITE ERROR: 2026-07-05 14:47:36Z: Runner connect error: Error: Conflict. Retrying until reconnected.
[2026-07-05 14:47:36Z INFO BrokerMessageListener] Sleeping for 30 seconds before retrying.
[2026-07-05 14:48:06Z INFO BrokerMessageListener] Attempt to create session.
[2026-07-05 14:48:06Z INFO BrokerMessageListener] Connecting to the Broker Server...
[2026-07-05 14:48:06Z INFO ConfigurationStore] HasCredentials()
[2026-07-05 14:48:06Z INFO ConfigurationStore] stored True
[2026-07-05 14:48:06Z INFO CredentialManager] GetCredentialProvider
[2026-07-05 14:48:06Z INFO CredentialManager] Creating type OAuth
[2026-07-05 14:48:06Z INFO CredentialManager] Creating credential type: OAuth
[2026-07-05 14:48:06Z INFO RSAEncryptedFileKeyManager] Loading RSA key parameters from file E:\VSCode\actions-runner\.credentials_rsaparams
[2026-07-05 14:48:06Z INFO BrokerMessageListener] VssConnection created
[2026-07-05 14:48:06Z INFO BrokerMessageListener] Connecting to the Runner server...
[2026-07-05 14:48:06Z INFO RunnerServer] EstablishVssConnection
[2026-07-05 14:48:06Z INFO RunnerServer] Establish connection with 100 seconds timeout.
[2026-07-05 14:48:06Z INFO GitHubActionsService] Starting operation Location.GetConnectionData
[2026-07-05 14:48:06Z INFO RunnerServer] EstablishVssConnection
[2026-07-05 14:48:06Z INFO RunnerServer] Establish connection with 60 seconds timeout.
[2026-07-05 14:48:06Z INFO GitHubActionsService] Starting operation Location.GetConnectionData
[2026-07-05 14:48:06Z INFO RunnerServer] EstablishVssConnection
[2026-07-05 14:48:06Z INFO RunnerServer] Establish connection with 60 seconds timeout.
[2026-07-05 14:48:06Z INFO GitHubActionsService] Starting operation Location.GetConnectionData
[2026-07-05 14:48:07Z INFO GitHubActionsService] Finished operation Location.GetConnectionData
[2026-07-05 14:48:07Z INFO GitHubActionsService] Finished operation Location.GetConnectionData
[2026-07-05 14:48:07Z INFO GitHubActionsService] Finished operation Location.GetConnectionData
[2026-07-05 14:48:07Z INFO BrokerMessageListener] VssConnection created
[2026-07-05 14:48:07Z INFO Terminal] WRITE LINE: 
[2026-07-05 14:48:07Z INFO Terminal] WRITE LINE: 
[2026-07-05 14:48:07Z INFO RSAEncryptedFileKeyManager] Loading RSA key parameters from file E:\VSCode\actions-runner\.credentials_rsaparams
[2026-07-05 14:48:07Z INFO RSAEncryptedFileKeyManager] Loading RSA key parameters from file E:\VSCode\actions-runner\.credentials_rsaparams
[2026-07-05 14:48:08Z INFO GitHubActionsService] AAD Correlation ID for this token request: Unknown
[2026-07-05 14:48:09Z ERR  GitHubActionsService] POST request to https://broker.actions.githubusercontent.com/session failed. HTTP Status: Conflict
[2026-07-05 14:48:09Z ERR  BrokerMessageListener] Catch exception during create session.
[2026-07-05 14:48:09Z ERR  BrokerMessageListener] GitHub.DistributedTask.WebApi.TaskAgentSessionConflictException: Error: Conflict
   at GitHub.Actions.RunService.WebApi.BrokerHttpClient.CreateSessionAsync(TaskAgentSession session, CancellationToken cancellationToken)
   at GitHub.Runner.Common.BrokerServer.CreateSessionAsync(TaskAgentSession session, CancellationToken cancellationToken)
   at GitHub.Runner.Listener.BrokerMessageListener.CreateSessionAsync(CancellationToken token)
[2026-07-05 14:48:09Z INFO BrokerMessageListener] The session for this runner already exists.
[2026-07-05 14:48:09Z ERR  Terminal] WRITE ERROR: A session for this runner already exists.
[2026-07-05 14:48:09Z INFO BrokerMessageListener] The session conflict exception haven't reached retry limit.
[2026-07-05 14:48:09Z INFO BrokerMessageListener] Sleeping for 30 seconds before retrying.
[2026-07-05 14:48:39Z INFO BrokerMessageListener] Attempt to create session.
[2026-07-05 14:48:39Z INFO BrokerMessageListener] Connecting to the Broker Server...
[2026-07-05 14:48:39Z INFO ConfigurationStore] HasCredentials()
[2026-07-05 14:48:39Z INFO ConfigurationStore] stored True
[2026-07-05 14:48:39Z INFO CredentialManager] GetCredentialProvider
[2026-07-05 14:48:39Z INFO CredentialManager] Creating type OAuth
[2026-07-05 14:48:39Z INFO CredentialManager] Creating credential type: OAuth
[2026-07-05 14:48:39Z INFO RSAEncryptedFileKeyManager] Loading RSA key parameters from file E:\VSCode\actions-runner\.credentials_rsaparams
[2026-07-05 14:48:39Z INFO BrokerMessageListener] VssConnection created
[2026-07-05 14:48:39Z INFO BrokerMessageListener] Connecting to the Runner server...
[2026-07-05 14:48:39Z INFO RunnerServer] EstablishVssConnection
[2026-07-05 14:48:39Z INFO RunnerServer] Establish connection with 100 seconds timeout.
[2026-07-05 14:48:39Z INFO GitHubActionsService] Starting operation Location.GetConnectionData
[2026-07-05 14:48:39Z INFO RunnerServer] EstablishVssConnection
[2026-07-05 14:48:39Z INFO RunnerServer] Establish connection with 60 seconds timeout.
[2026-07-05 14:48:39Z INFO GitHubActionsService] Starting operation Location.GetConnectionData
[2026-07-05 14:48:39Z INFO RunnerServer] EstablishVssConnection
[2026-07-05 14:48:39Z INFO RunnerServer] Establish connection with 60 seconds timeout.
[2026-07-05 14:48:39Z INFO GitHubActionsService] Starting operation Location.GetConnectionData
[2026-07-05 14:48:40Z INFO GitHubActionsService] Finished operation Location.GetConnectionData
[2026-07-05 14:48:40Z INFO GitHubActionsService] Finished operation Location.GetConnectionData
[2026-07-05 14:48:40Z INFO GitHubActionsService] Finished operation Location.GetConnectionData
[2026-07-05 14:48:40Z INFO BrokerMessageListener] VssConnection created
[2026-07-05 14:48:40Z INFO Terminal] WRITE LINE: 
[2026-07-05 14:48:40Z INFO Terminal] WRITE LINE: 
[2026-07-05 14:48:40Z INFO RSAEncryptedFileKeyManager] Loading RSA key parameters from file E:\VSCode\actions-runner\.credentials_rsaparams
[2026-07-05 14:48:40Z INFO RSAEncryptedFileKeyManager] Loading RSA key parameters from file E:\VSCode\actions-runner\.credentials_rsaparams
[2026-07-05 14:48:40Z INFO GitHubActionsService] AAD Correlation ID for this token request: Unknown
[2026-07-05 14:48:41Z ERR  GitHubActionsService] POST request to https://broker.actions.githubusercontent.com/session failed. HTTP Status: Conflict
[2026-07-05 14:48:41Z ERR  BrokerMessageListener] Catch exception during create session.
[2026-07-05 14:48:41Z ERR  BrokerMessageListener] GitHub.DistributedTask.WebApi.TaskAgentSessionConflictException: Error: Conflict
   at GitHub.Actions.RunService.WebApi.BrokerHttpClient.CreateSessionAsync(TaskAgentSession session, CancellationToken cancellationToken)
   at GitHub.Runner.Common.BrokerServer.CreateSessionAsync(TaskAgentSession session, CancellationToken cancellationToken)
   at GitHub.Runner.Listener.BrokerMessageListener.CreateSessionAsync(CancellationToken token)
[2026-07-05 14:48:41Z INFO BrokerMessageListener] The session for this runner already exists.
[2026-07-05 14:48:41Z ERR  Terminal] WRITE ERROR: A session for this runner already exists.
[2026-07-05 14:48:41Z INFO BrokerMessageListener] The session conflict exception haven't reached retry limit.
[2026-07-05 14:48:41Z INFO BrokerMessageListener] Sleeping for 30 seconds before retrying.
[2026-07-05 14:49:11Z INFO BrokerMessageListener] Attempt to create session.
[2026-07-05 14:49:11Z INFO BrokerMessageListener] Connecting to the Broker Server...
[2026-07-05 14:49:11Z INFO ConfigurationStore] HasCredentials()
[2026-07-05 14:49:11Z INFO ConfigurationStore] stored True
[2026-07-05 14:49:11Z INFO CredentialManager] GetCredentialProvider
[2026-07-05 14:49:11Z INFO CredentialManager] Creating type OAuth
[2026-07-05 14:49:11Z INFO CredentialManager] Creating credential type: OAuth
[2026-07-05 14:49:11Z INFO RSAEncryptedFileKeyManager] Loading RSA key parameters from file E:\VSCode\actions-runner\.credentials_rsaparams
[2026-07-05 14:49:11Z INFO BrokerMessageListener] VssConnection created
[2026-07-05 14:49:11Z INFO BrokerMessageListener] Connecting to the Runner server...
[2026-07-05 14:49:11Z INFO RunnerServer] EstablishVssConnection
[2026-07-05 14:49:11Z INFO RunnerServer] Establish connection with 100 seconds timeout.
[2026-07-05 14:49:11Z INFO GitHubActionsService] Starting operation Location.GetConnectionData
[2026-07-05 14:49:11Z INFO RunnerServer] EstablishVssConnection
[2026-07-05 14:49:11Z INFO RunnerServer] Establish connection with 60 seconds timeout.
[2026-07-05 14:49:11Z INFO GitHubActionsService] Starting operation Location.GetConnectionData
[2026-07-05 14:49:11Z INFO RunnerServer] EstablishVssConnection
[2026-07-05 14:49:11Z INFO RunnerServer] Establish connection with 60 seconds timeout.
[2026-07-05 14:49:11Z INFO GitHubActionsService] Starting operation Location.GetConnectionData
[2026-07-05 14:49:12Z INFO GitHubActionsService] Finished operation Location.GetConnectionData
[2026-07-05 14:49:12Z INFO GitHubActionsService] Finished operation Location.GetConnectionData
[2026-07-05 14:49:12Z INFO GitHubActionsService] Finished operation Location.GetConnectionData
[2026-07-05 14:49:12Z INFO BrokerMessageListener] VssConnection created
[2026-07-05 14:49:12Z INFO Terminal] WRITE LINE: 
[2026-07-05 14:49:12Z INFO Terminal] WRITE LINE: 
[2026-07-05 14:49:12Z INFO RSAEncryptedFileKeyManager] Loading RSA key parameters from file E:\VSCode\actions-runner\.credentials_rsaparams
[2026-07-05 14:49:12Z INFO RSAEncryptedFileKeyManager] Loading RSA key parameters from file E:\VSCode\actions-runner\.credentials_rsaparams
[2026-07-05 14:49:13Z INFO GitHubActionsService] AAD Correlation ID for this token request: Unknown
[2026-07-05 14:49:14Z ERR  GitHubActionsService] POST request to https://broker.actions.githubusercontent.com/session failed. HTTP Status: Conflict
[2026-07-05 14:49:14Z ERR  BrokerMessageListener] Catch exception during create session.
[2026-07-05 14:49:14Z ERR  BrokerMessageListener] GitHub.DistributedTask.WebApi.TaskAgentSessionConflictException: Error: Conflict
   at GitHub.Actions.RunService.WebApi.BrokerHttpClient.CreateSessionAsync(TaskAgentSession session, CancellationToken cancellationToken)
   at GitHub.Runner.Common.BrokerServer.CreateSessionAsync(TaskAgentSession session, CancellationToken cancellationToken)
   at GitHub.Runner.Listener.BrokerMessageListener.CreateSessionAsync(CancellationToken token)
[2026-07-05 14:49:14Z INFO BrokerMessageListener] The session for this runner already exists.
[2026-07-05 14:49:14Z ERR  Terminal] WRITE ERROR: A session for this runner already exists.
[2026-07-05 14:49:14Z INFO BrokerMessageListener] The session conflict exception haven't reached retry limit.
[2026-07-05 14:49:14Z INFO BrokerMessageListener] Sleeping for 30 seconds before retrying.
[2026-07-05 14:49:44Z INFO BrokerMessageListener] Attempt to create session.
[2026-07-05 14:49:44Z INFO BrokerMessageListener] Connecting to the Broker Server...
[2026-07-05 14:49:44Z INFO ConfigurationStore] HasCredentials()
[2026-07-05 14:49:44Z INFO ConfigurationStore] stored True
[2026-07-05 14:49:44Z INFO CredentialManager] GetCredentialProvider
[2026-07-05 14:49:44Z INFO CredentialManager] Creating type OAuth
[2026-07-05 14:49:44Z INFO CredentialManager] Creating credential type: OAuth
[2026-07-05 14:49:44Z INFO RSAEncryptedFileKeyManager] Loading RSA key parameters from file E:\VSCode\actions-runner\.credentials_rsaparams
[2026-07-05 14:49:44Z INFO BrokerMessageListener] VssConnection created
[2026-07-05 14:49:44Z INFO BrokerMessageListener] Connecting to the Runner server...
[2026-07-05 14:49:44Z INFO RunnerServer] EstablishVssConnection
[2026-07-05 14:49:44Z INFO RunnerServer] Establish connection with 100 seconds timeout.
[2026-07-05 14:49:44Z INFO GitHubActionsService] Starting operation Location.GetConnectionData
[2026-07-05 14:49:44Z INFO RunnerServer] EstablishVssConnection
[2026-07-05 14:49:44Z INFO RunnerServer] Establish connection with 60 seconds timeout.
[2026-07-05 14:49:44Z INFO GitHubActionsService] Starting operation Location.GetConnectionData
[2026-07-05 14:49:44Z INFO RunnerServer] EstablishVssConnection
[2026-07-05 14:49:44Z INFO RunnerServer] Establish connection with 60 seconds timeout.
[2026-07-05 14:49:44Z INFO GitHubActionsService] Starting operation Location.GetConnectionData
[2026-07-05 14:49:45Z INFO GitHubActionsService] Finished operation Location.GetConnectionData
[2026-07-05 14:49:45Z INFO GitHubActionsService] Finished operation Location.GetConnectionData
[2026-07-05 14:49:45Z INFO GitHubActionsService] Finished operation Location.GetConnectionData
[2026-07-05 14:49:45Z INFO BrokerMessageListener] VssConnection created
[2026-07-05 14:49:45Z INFO Terminal] WRITE LINE: 
[2026-07-05 14:49:45Z INFO Terminal] WRITE LINE: 
[2026-07-05 14:49:45Z INFO RSAEncryptedFileKeyManager] Loading RSA key parameters from file E:\VSCode\actions-runner\.credentials_rsaparams
[2026-07-05 14:49:45Z INFO RSAEncryptedFileKeyManager] Loading RSA key parameters from file E:\VSCode\actions-runner\.credentials_rsaparams
[2026-07-05 14:49:46Z INFO GitHubActionsService] AAD Correlation ID for this token request: Unknown
[2026-07-05 14:49:46Z ERR  GitHubActionsService] POST request to https://broker.actions.githubusercontent.com/session failed. HTTP Status: Conflict
[2026-07-05 14:49:46Z ERR  BrokerMessageListener] Catch exception during create session.
[2026-07-05 14:49:46Z ERR  BrokerMessageListener] GitHub.DistributedTask.WebApi.TaskAgentSessionConflictException: Error: Conflict
   at GitHub.Actions.RunService.WebApi.BrokerHttpClient.CreateSessionAsync(TaskAgentSession session, CancellationToken cancellationToken)
   at GitHub.Runner.Common.BrokerServer.CreateSessionAsync(TaskAgentSession session, CancellationToken cancellationToken)
   at GitHub.Runner.Listener.BrokerMessageListener.CreateSessionAsync(CancellationToken token)
[2026-07-05 14:49:46Z INFO BrokerMessageListener] The session for this runner already exists.
[2026-07-05 14:49:46Z ERR  Terminal] WRITE ERROR: A session for this runner already exists.
[2026-07-05 14:49:46Z INFO BrokerMessageListener] The session conflict exception haven't reached retry limit.
[2026-07-05 14:49:46Z INFO BrokerMessageListener] Sleeping for 30 seconds before retrying.
[2026-07-05 14:50:16Z INFO BrokerMessageListener] Attempt to create session.
[2026-07-05 14:50:16Z INFO BrokerMessageListener] Connecting to the Broker Server...
[2026-07-05 14:50:16Z INFO ConfigurationStore] HasCredentials()
[2026-07-05 14:50:16Z INFO ConfigurationStore] stored True
[2026-07-05 14:50:16Z INFO CredentialManager] GetCredentialProvider
[2026-07-05 14:50:16Z INFO CredentialManager] Creating type OAuth
[2026-07-05 14:50:16Z INFO CredentialManager] Creating credential type: OAuth
[2026-07-05 14:50:16Z INFO RSAEncryptedFileKeyManager] Loading RSA key parameters from file E:\VSCode\actions-runner\.credentials_rsaparams
[2026-07-05 14:50:16Z INFO BrokerMessageListener] VssConnection created
[2026-07-05 14:50:16Z INFO BrokerMessageListener] Connecting to the Runner server...
[2026-07-05 14:50:16Z INFO RunnerServer] EstablishVssConnection
[2026-07-05 14:50:16Z INFO RunnerServer] Establish connection with 100 seconds timeout.
[2026-07-05 14:50:16Z INFO GitHubActionsService] Starting operation Location.GetConnectionData
[2026-07-05 14:50:16Z INFO RunnerServer] EstablishVssConnection
[2026-07-05 14:50:16Z INFO RunnerServer] Establish connection with 60 seconds timeout.
[2026-07-05 14:50:16Z INFO GitHubActionsService] Starting operation Location.GetConnectionData
[2026-07-05 14:50:16Z INFO RunnerServer] EstablishVssConnection
[2026-07-05 14:50:16Z INFO RunnerServer] Establish connection with 60 seconds timeout.
[2026-07-05 14:50:16Z INFO GitHubActionsService] Starting operation Location.GetConnectionData
[2026-07-05 14:50:17Z INFO GitHubActionsService] Finished operation Location.GetConnectionData
[2026-07-05 14:50:17Z INFO GitHubActionsService] Finished operation Location.GetConnectionData
[2026-07-05 14:50:17Z INFO GitHubActionsService] Finished operation Location.GetConnectionData
[2026-07-05 14:50:17Z INFO BrokerMessageListener] VssConnection created
[2026-07-05 14:50:17Z INFO Terminal] WRITE LINE: 
[2026-07-05 14:50:17Z INFO Terminal] WRITE LINE: 
[2026-07-05 14:50:17Z INFO RSAEncryptedFileKeyManager] Loading RSA key parameters from file E:\VSCode\actions-runner\.credentials_rsaparams
[2026-07-05 14:50:17Z INFO RSAEncryptedFileKeyManager] Loading RSA key parameters from file E:\VSCode\actions-runner\.credentials_rsaparams
[2026-07-05 14:50:18Z INFO GitHubActionsService] AAD Correlation ID for this token request: Unknown
[2026-07-05 14:50:19Z ERR  GitHubActionsService] POST request to https://broker.actions.githubusercontent.com/session failed. HTTP Status: Conflict
[2026-07-05 14:50:19Z ERR  BrokerMessageListener] Catch exception during create session.
[2026-07-05 14:50:19Z ERR  BrokerMessageListener] GitHub.DistributedTask.WebApi.TaskAgentSessionConflictException: Error: Conflict
   at GitHub.Actions.RunService.WebApi.BrokerHttpClient.CreateSessionAsync(TaskAgentSession session, CancellationToken cancellationToken)
   at GitHub.Runner.Common.BrokerServer.CreateSessionAsync(TaskAgentSession session, CancellationToken cancellationToken)
   at GitHub.Runner.Listener.BrokerMessageListener.CreateSessionAsync(CancellationToken token)
[2026-07-05 14:50:19Z INFO BrokerMessageListener] The session for this runner already exists.
[2026-07-05 14:50:19Z ERR  Terminal] WRITE ERROR: A session for this runner already exists.
[2026-07-05 14:50:19Z INFO BrokerMessageListener] The session conflict exception haven't reached retry limit.
[2026-07-05 14:50:19Z INFO BrokerMessageListener] Sleeping for 30 seconds before retrying.
[2026-07-05 14:50:49Z INFO BrokerMessageListener] Attempt to create session.
[2026-07-05 14:50:49Z INFO BrokerMessageListener] Connecting to the Broker Server...
[2026-07-05 14:50:49Z INFO ConfigurationStore] HasCredentials()
[2026-07-05 14:50:49Z INFO ConfigurationStore] stored True
[2026-07-05 14:50:49Z INFO CredentialManager] GetCredentialProvider
[2026-07-05 14:50:49Z INFO CredentialManager] Creating type OAuth
[2026-07-05 14:50:49Z INFO CredentialManager] Creating credential type: OAuth
[2026-07-05 14:50:49Z INFO RSAEncryptedFileKeyManager] Loading RSA key parameters from file E:\VSCode\actions-runner\.credentials_rsaparams
[2026-07-05 14:50:49Z INFO BrokerMessageListener] VssConnection created
[2026-07-05 14:50:49Z INFO BrokerMessageListener] Connecting to the Runner server...
[2026-07-05 14:50:49Z INFO RunnerServer] EstablishVssConnection
[2026-07-05 14:50:49Z INFO RunnerServer] Establish connection with 100 seconds timeout.
[2026-07-05 14:50:49Z INFO GitHubActionsService] Starting operation Location.GetConnectionData
[2026-07-05 14:50:49Z INFO RunnerServer] EstablishVssConnection
[2026-07-05 14:50:49Z INFO RunnerServer] Establish connection with 60 seconds timeout.
[2026-07-05 14:50:49Z INFO GitHubActionsService] Starting operation Location.GetConnectionData
[2026-07-05 14:50:49Z INFO RunnerServer] EstablishVssConnection
[2026-07-05 14:50:49Z INFO RunnerServer] Establish connection with 60 seconds timeout.
[2026-07-05 14:50:49Z INFO GitHubActionsService] Starting operation Location.GetConnectionData
[2026-07-05 14:50:50Z INFO GitHubActionsService] Finished operation Location.GetConnectionData
[2026-07-05 14:50:50Z INFO GitHubActionsService] Finished operation Location.GetConnectionData
[2026-07-05 14:50:50Z INFO GitHubActionsService] Finished operation Location.GetConnectionData
[2026-07-05 14:50:50Z INFO BrokerMessageListener] VssConnection created
[2026-07-05 14:50:50Z INFO Terminal] WRITE LINE: 
[2026-07-05 14:50:50Z INFO Terminal] WRITE LINE: 
[2026-07-05 14:50:50Z INFO RSAEncryptedFileKeyManager] Loading RSA key parameters from file E:\VSCode\actions-runner\.credentials_rsaparams
[2026-07-05 14:50:50Z INFO RSAEncryptedFileKeyManager] Loading RSA key parameters from file E:\VSCode\actions-runner\.credentials_rsaparams
[2026-07-05 14:50:51Z INFO GitHubActionsService] AAD Correlation ID for this token request: Unknown
[2026-07-05 14:50:51Z ERR  GitHubActionsService] POST request to https://broker.actions.githubusercontent.com/session failed. HTTP Status: Conflict
[2026-07-05 14:50:51Z ERR  BrokerMessageListener] Catch exception during create session.
[2026-07-05 14:50:51Z ERR  BrokerMessageListener] GitHub.DistributedTask.WebApi.TaskAgentSessionConflictException: Error: Conflict
   at GitHub.Actions.RunService.WebApi.BrokerHttpClient.CreateSessionAsync(TaskAgentSession session, CancellationToken cancellationToken)
   at GitHub.Runner.Common.BrokerServer.CreateSessionAsync(TaskAgentSession session, CancellationToken cancellationToken)
   at GitHub.Runner.Listener.BrokerMessageListener.CreateSessionAsync(CancellationToken token)
[2026-07-05 14:50:51Z INFO BrokerMessageListener] The session for this runner already exists.
[2026-07-05 14:50:51Z ERR  Terminal] WRITE ERROR: A session for this runner already exists.
[2026-07-05 14:50:51Z INFO BrokerMessageListener] The session conflict exception haven't reached retry limit.
[2026-07-05 14:50:51Z INFO BrokerMessageListener] Sleeping for 30 seconds before retrying.
[2026-07-05 14:51:21Z INFO BrokerMessageListener] Attempt to create session.
[2026-07-05 14:51:21Z INFO BrokerMessageListener] Connecting to the Broker Server...
[2026-07-05 14:51:21Z INFO ConfigurationStore] HasCredentials()
[2026-07-05 14:51:21Z INFO ConfigurationStore] stored True
[2026-07-05 14:51:21Z INFO CredentialManager] GetCredentialProvider
[2026-07-05 14:51:21Z INFO CredentialManager] Creating type OAuth
[2026-07-05 14:51:21Z INFO CredentialManager] Creating credential type: OAuth
[2026-07-05 14:51:21Z INFO RSAEncryptedFileKeyManager] Loading RSA key parameters from file E:\VSCode\actions-runner\.credentials_rsaparams
[2026-07-05 14:51:21Z INFO BrokerMessageListener] VssConnection created
[2026-07-05 14:51:21Z INFO BrokerMessageListener] Connecting to the Runner server...
[2026-07-05 14:51:21Z INFO RunnerServer] EstablishVssConnection
[2026-07-05 14:51:21Z INFO RunnerServer] Establish connection with 100 seconds timeout.
[2026-07-05 14:51:21Z INFO GitHubActionsService] Starting operation Location.GetConnectionData
[2026-07-05 14:51:21Z INFO RunnerServer] EstablishVssConnection
[2026-07-05 14:51:21Z INFO RunnerServer] Establish connection with 60 seconds timeout.
[2026-07-05 14:51:21Z INFO GitHubActionsService] Starting operation Location.GetConnectionData
[2026-07-05 14:51:21Z INFO RunnerServer] EstablishVssConnection
[2026-07-05 14:51:21Z INFO RunnerServer] Establish connection with 60 seconds timeout.
[2026-07-05 14:51:21Z INFO GitHubActionsService] Starting operation Location.GetConnectionData
[2026-07-05 14:51:22Z INFO GitHubActionsService] Finished operation Location.GetConnectionData
[2026-07-05 14:51:22Z INFO GitHubActionsService] Finished operation Location.GetConnectionData
[2026-07-05 14:51:22Z INFO GitHubActionsService] Finished operation Location.GetConnectionData
[2026-07-05 14:51:22Z INFO BrokerMessageListener] VssConnection created
[2026-07-05 14:51:22Z INFO Terminal] WRITE LINE: 
[2026-07-05 14:51:22Z INFO Terminal] WRITE LINE: 
[2026-07-05 14:51:22Z INFO RSAEncryptedFileKeyManager] Loading RSA key parameters from file E:\VSCode\actions-runner\.credentials_rsaparams
[2026-07-05 14:51:22Z INFO RSAEncryptedFileKeyManager] Loading RSA key parameters from file E:\VSCode\actions-runner\.credentials_rsaparams
[2026-07-05 14:51:23Z INFO GitHubActionsService] AAD Correlation ID for this token request: Unknown
[2026-07-05 14:51:24Z ERR  GitHubActionsService] POST request to https://broker.actions.githubusercontent.com/session failed. HTTP Status: Conflict
[2026-07-05 14:51:24Z ERR  BrokerMessageListener] Catch exception during create session.
[2026-07-05 14:51:24Z ERR  BrokerMessageListener] GitHub.DistributedTask.WebApi.TaskAgentSessionConflictException: Error: Conflict
   at GitHub.Actions.RunService.WebApi.BrokerHttpClient.CreateSessionAsync(TaskAgentSession session, CancellationToken cancellationToken)
   at GitHub.Runner.Common.BrokerServer.CreateSessionAsync(TaskAgentSession session, CancellationToken cancellationToken)
   at GitHub.Runner.Listener.BrokerMessageListener.CreateSessionAsync(CancellationToken token)
[2026-07-05 14:51:24Z INFO BrokerMessageListener] The session for this runner already exists.
[2026-07-05 14:51:24Z ERR  Terminal] WRITE ERROR: A session for this runner already exists.
[2026-07-05 14:51:24Z INFO BrokerMessageListener] The session conflict exception have reached retry limit.
[2026-07-05 14:51:24Z ERR  Terminal] WRITE ERROR: Stop retry on SessionConflictException after retried for 240 seconds.
[2026-07-05 14:51:24Z ERR  Terminal] WRITE ERROR: Failed to create session. Error: Conflict
[2026-07-05 14:51:24Z INFO Listener] Runner execution has finished with return code 5
